<?xml version="1.0" encoding="UTF-8"?>
<testsuite name="TestCases" tests="1" skipped="0" failures="0" errors="0" timestamp="2019-10-25T11:01:15" hostname="Shantanu-PC" time="0.001">
  <properties/>
  <testcase name="r8" classname="TestCases" time="0.001"/>
  <system-out><![CDATA[]]></system-out>
  <system-err><![CDATA[]]></system-err>
</testsuite>
